<?xml version="1.0" encoding="UTF-8"?>
<testsuite name="com.example.demovscode.DemoVscodeApplicationTests" tests="1" skipped="0" failures="0" errors="0" timestamp="2021-08-24T04:53:10" hostname="Rohans-MacBook-Pro-3.local" time="0.309">
  <properties/>
  <testcase name="contextLoads()" classname="com.example.demovscode.DemoVscodeApplicationTests" time="0.309"/>
  <system-out><![CDATA[21:53:08.012 [Test worker] DEBUG org.springframework.test.context.BootstrapUtils - Instantiating CacheAwareContextLoaderDelegate from class [org.springframework.test.context.cache.DefaultCacheAwareContextLoaderDelegate]
21:53:08.022 [Test worker] DEBUG org.springframework.test.context.BootstrapUtils - Instantiating BootstrapContext using constructor [public org.springframework.test.context.support.DefaultBootstrapContext(java.lang.Class,org.springframework.test.context.CacheAwareContextLoaderDelegate)]
21:53:08.082 [Test worker] DEBUG org.springframework.test.context.BootstrapUtils - Instantiating TestContextBootstrapper for test class [com.example.demovscode.DemoVscodeApplicationTests] from class [org.springframework.boot.test.context.SpringBootTestContextBootstrapper]
21:53:08.091 [Test worker] INFO org.springframework.boot.test.context.SpringBootTestContextBootstrapper - Neither @ContextConfiguration nor @ContextHierarchy found for test class [com.example.demovscode.DemoVscodeApplicationTests], using SpringBootContextLoader
21:53:08.095 [Test worker] DEBUG org.springframework.test.context.support.AbstractContextLoader - Did not detect default resource location for test class [com.example.demovscode.DemoVscodeApplicationTests]: class path resource [com/example/demovscode/DemoVscodeApplicationTests-context.xml] does not exist
21:53:08.095 [Test worker] DEBUG org.springframework.test.context.support.AbstractContextLoader - Did not detect default resource location for test class [com.example.demovscode.DemoVscodeApplicationTests]: class path resource [com/example/demovscode/DemoVscodeApplicationTestsContext.groovy] does not exist
21:53:08.096 [Test worker] INFO org.springframework.test.context.support.AbstractContextLoader - Could not detect default resource locations for test class [com.example.demovscode.DemoVscodeApplicationTests]: no resource found for suffixes {-context.xml, Context.groovy}.
21:53:08.096 [Test worker] INFO org.springframework.test.context.support.AnnotationConfigContextLoaderUtils - Could not detect default configuration classes for test class [com.example.demovscode.DemoVscodeApplicationTests]: DemoVscodeApplicationTests does not declare any static, non-private, non-final, nested classes annotated with @Configuration.
21:53:08.138 [Test worker] DEBUG org.springframework.test.context.support.ActiveProfilesUtils - Could not find an 'annotation declaring class' for annotation type [org.springframework.test.context.ActiveProfiles] and class [com.example.demovscode.DemoVscodeApplicationTests]
21:53:08.247 [Test worker] DEBUG org.springframework.context.annotation.ClassPathScanningCandidateComponentProvider - Identified candidate component class: file [/Users/rohansurana/IdeaProjects/school/cmpe172/cmpe172-rohan2810/labs/lab1/demo-vscode/build/classes/java/main/com/example/demovscode/DemoVscodeApplication.class]
21:53:08.251 [Test worker] INFO org.springframework.boot.test.context.SpringBootTestContextBootstrapper - Found @SpringBootConfiguration com.example.demovscode.DemoVscodeApplication for test class com.example.demovscode.DemoVscodeApplicationTests
21:53:08.406 [Test worker] DEBUG org.springframework.boot.test.context.SpringBootTestContextBootstrapper - @TestExecutionListeners is not present for class [com.example.demovscode.DemoVscodeApplicationTests]: using defaults.
21:53:08.406 [Test worker] INFO org.springframework.boot.test.context.SpringBootTestContextBootstrapper - Loaded default TestExecutionListener class names from location [META-INF/spring.factories]: [org.springframework.boot.test.autoconfigure.restdocs.RestDocsTestExecutionListener, org.springframework.boot.test.autoconfigure.web.client.MockRestServiceServerResetTestExecutionListener, org.springframework.boot.test.autoconfigure.web.servlet.MockMvcPrintOnlyOnFailureTestExecutionListener, org.springframework.boot.test.autoconfigure.web.servlet.WebDriverTestExecutionListener, org.springframework.boot.test.autoconfigure.webservices.client.MockWebServiceServerTestExecutionListener, org.springframework.boot.test.mock.mockito.MockitoTestExecutionListener, org.springframework.boot.test.mock.mockito.ResetMocksTestExecutionListener, org.springframework.test.context.web.ServletTestExecutionListener, org.springframework.test.context.support.DirtiesContextBeforeModesTestExecutionListener, org.springframework.test.context.event.ApplicationEventsTestExecutionListener, org.springframework.test.context.support.DependencyInjectionTestExecutionListener, org.springframework.test.context.support.DirtiesContextTestExecutionListener, org.springframework.test.context.transaction.TransactionalTestExecutionListener, org.springframework.test.context.jdbc.SqlScriptsTestExecutionListener, org.springframework.test.context.event.EventPublishingTestExecutionListener]
21:53:08.416 [Test worker] DEBUG org.springframework.boot.test.context.SpringBootTestContextBootstrapper - Skipping candidate TestExecutionListener [org.springframework.test.context.transaction.TransactionalTestExecutionListener] due to a missing dependency. Specify custom listener classes or make the default listener classes and their required dependencies available. Offending class: [org/springframework/transaction/TransactionDefinition]
21:53:08.417 [Test worker] DEBUG org.springframework.boot.test.context.SpringBootTestContextBootstrapper - Skipping candidate TestExecutionListener [org.springframework.test.context.jdbc.SqlScriptsTestExecutionListener] due to a missing dependency. Specify custom listener classes or make the default listener classes and their required dependencies available. Offending class: [org/springframework/transaction/interceptor/TransactionAttribute]
21:53:08.417 [Test worker] INFO org.springframework.boot.test.context.SpringBootTestContextBootstrapper - Using TestExecutionListeners: [org.springframework.test.context.web.ServletTestExecutionListener@6815c5f2, org.springframework.test.context.support.DirtiesContextBeforeModesTestExecutionListener@46cc127b, org.springframework.test.context.event.ApplicationEventsTestExecutionListener@60094a13, org.springframework.boot.test.mock.mockito.MockitoTestExecutionListener@5aceec94, org.springframework.boot.test.autoconfigure.SpringBootDependencyInjectionTestExecutionListener@1c32886a, org.springframework.test.context.support.DirtiesContextTestExecutionListener@3a4b0e5d, org.springframework.test.context.event.EventPublishingTestExecutionListener@10b892d5, org.springframework.boot.test.autoconfigure.restdocs.RestDocsTestExecutionListener@3d3f761a, org.springframework.boot.test.autoconfigure.web.client.MockRestServiceServerResetTestExecutionListener@3546d80f, org.springframework.boot.test.autoconfigure.web.servlet.MockMvcPrintOnlyOnFailureTestExecutionListener@579d011c, org.springframework.boot.test.autoconfigure.web.servlet.WebDriverTestExecutionListener@3670f00, org.springframework.boot.test.autoconfigure.webservices.client.MockWebServiceServerTestExecutionListener@452e26d0, org.springframework.boot.test.mock.mockito.ResetMocksTestExecutionListener@46ab18da]
21:53:08.421 [Test worker] DEBUG org.springframework.test.context.support.AbstractDirtiesContextTestExecutionListener - Before test class: context [DefaultTestContext@1f130eaf testClass = DemoVscodeApplicationTests, testInstance = [null], testMethod = [null], testException = [null], mergedContextConfiguration = [WebMergedContextConfiguration@7e0aadd0 testClass = DemoVscodeApplicationTests, locations = '{}', classes = '{class com.example.demovscode.DemoVscodeApplication}', contextInitializerClasses = '[]', activeProfiles = '{}', propertySourceLocations = '{}', propertySourceProperties = '{org.springframework.boot.test.context.SpringBootTestContextBootstrapper=true}', contextCustomizers = set[org.springframework.boot.test.autoconfigure.actuate.metrics.MetricsExportContextCustomizerFactory$DisableMetricExportContextCustomizer@4218500f, org.springframework.boot.test.autoconfigure.properties.PropertyMappingContextCustomizer@0, org.springframework.boot.test.autoconfigure.web.servlet.WebDriverContextCustomizerFactory$Customizer@58ffcbd7, org.springframework.boot.test.context.filter.ExcludeFilterContextCustomizer@319bc845, org.springframework.boot.test.json.DuplicateJsonObjectContextCustomizerFactory$DuplicateJsonObjectContextCustomizer@54e22bdd, org.springframework.boot.test.mock.mockito.MockitoContextCustomizer@0, org.springframework.boot.test.web.client.TestRestTemplateContextCustomizer@235a0c16, org.springframework.boot.test.context.SpringBootTestArgs@1, org.springframework.boot.test.context.SpringBootTestWebEnvironment@446a1e84], resourceBasePath = 'src/main/webapp', contextLoader = 'org.springframework.boot.test.context.SpringBootContextLoader', parent = [null]], attributes = map['org.springframework.test.context.web.ServletTestExecutionListener.activateListener' -> true]], class annotated with @DirtiesContext [false] with mode [null].
21:53:08.448 [Test worker] DEBUG org.springframework.test.context.support.TestPropertySourceUtils - Adding inlined properties to environment: {spring.jmx.enabled=false, org.springframework.boot.test.context.SpringBootTestContextBootstrapper=true}

  .   ____          _            __ _ _
 /\\ / ___'_ __ _ _(_)_ __  __ _ \ \ \ \
( ( )\___ | '_ | '_| | '_ \/ _` | \ \ \ \
 \\/  ___)| |_)| | | | | || (_| |  ) ) ) )
  '  |____| .__|_| |_|_| |_\__, | / / / /
 =========|_|==============|___/=/_/_/_/
 :: Spring Boot ::               (v2.4.10)

2021-08-23 21:53:09.082  INFO 27799 --- [    Test worker] c.e.d.DemoVscodeApplicationTests         : Starting DemoVscodeApplicationTests using Java 11.0.11 on Rohans-MacBook-Pro-3.local with PID 27799 (started by rohansurana in /Users/rohansurana/IdeaProjects/school/cmpe172/cmpe172-rohan2810/labs/lab1/demo-vscode)
2021-08-23 21:53:09.098  INFO 27799 --- [    Test worker] c.e.d.DemoVscodeApplicationTests         : No active profile set, falling back to default profiles: default
2021-08-23 21:53:10.950  INFO 27799 --- [    Test worker] c.e.d.DemoVscodeApplicationTests         : Started DemoVscodeApplicationTests in 2.495 seconds (JVM running for 3.739)
]]></system-out>
  <system-err><![CDATA[]]></system-err>
</testsuite>
