<?xml version="1.0" encoding="UTF-8"?>
<testsuite name="com.example.demoinitializr.DemoInitializrApplicationTests" tests="1" skipped="0" failures="0" errors="0" timestamp="2021-08-24T04:01:47" hostname="Rohans-MacBook-Pro-3.local" time="0.406">
  <properties/>
  <testcase name="contextLoads()" classname="com.example.demoinitializr.DemoInitializrApplicationTests" time="0.406"/>
  <system-out><![CDATA[21:01:44.982 [Test worker] DEBUG org.springframework.test.context.BootstrapUtils - Instantiating CacheAwareContextLoaderDelegate from class [org.springframework.test.context.cache.DefaultCacheAwareContextLoaderDelegate]
21:01:44.994 [Test worker] DEBUG org.springframework.test.context.BootstrapUtils - Instantiating BootstrapContext using constructor [public org.springframework.test.context.support.DefaultBootstrapContext(java.lang.Class,org.springframework.test.context.CacheAwareContextLoaderDelegate)]
21:01:45.046 [Test worker] DEBUG org.springframework.test.context.BootstrapUtils - Instantiating TestContextBootstrapper for test class [com.example.demoinitializr.DemoInitializrApplicationTests] from class [org.springframework.boot.test.context.SpringBootTestContextBootstrapper]
21:01:45.263 [Test worker] INFO org.springframework.boot.test.context.SpringBootTestContextBootstrapper - Neither @ContextConfiguration nor @ContextHierarchy found for test class [com.example.demoinitializr.DemoInitializrApplicationTests], using SpringBootContextLoader
21:01:45.269 [Test worker] DEBUG org.springframework.test.context.support.AbstractContextLoader - Did not detect default resource location for test class [com.example.demoinitializr.DemoInitializrApplicationTests]: class path resource [com/example/demoinitializr/DemoInitializrApplicationTests-context.xml] does not exist
21:01:45.270 [Test worker] DEBUG org.springframework.test.context.support.AbstractContextLoader - Did not detect default resource location for test class [com.example.demoinitializr.DemoInitializrApplicationTests]: class path resource [com/example/demoinitializr/DemoInitializrApplicationTestsContext.groovy] does not exist
21:01:45.271 [Test worker] INFO org.springframework.test.context.support.AbstractContextLoader - Could not detect default resource locations for test class [com.example.demoinitializr.DemoInitializrApplicationTests]: no resource found for suffixes {-context.xml, Context.groovy}.
21:01:45.276 [Test worker] INFO org.springframework.test.context.support.AnnotationConfigContextLoaderUtils - Could not detect default configuration classes for test class [com.example.demoinitializr.DemoInitializrApplicationTests]: DemoInitializrApplicationTests does not declare any static, non-private, non-final, nested classes annotated with @Configuration.
21:01:45.381 [Test worker] DEBUG org.springframework.test.context.support.ActiveProfilesUtils - Could not find an 'annotation declaring class' for annotation type [org.springframework.test.context.ActiveProfiles] and class [com.example.demoinitializr.DemoInitializrApplicationTests]
21:01:45.445 [Test worker] DEBUG org.springframework.context.annotation.ClassPathScanningCandidateComponentProvider - Identified candidate component class: file [/Users/rohansurana/IdeaProjects/school/cmpe172/cmpe172-rohan2810/labs/lab1/demo-initializr/build/classes/java/main/com/example/demoinitializr/DemoInitializrApplication.class]
21:01:45.446 [Test worker] INFO org.springframework.boot.test.context.SpringBootTestContextBootstrapper - Found @SpringBootConfiguration com.example.demoinitializr.DemoInitializrApplication for test class com.example.demoinitializr.DemoInitializrApplicationTests
21:01:45.545 [Test worker] DEBUG org.springframework.boot.test.context.SpringBootTestContextBootstrapper - @TestExecutionListeners is not present for class [com.example.demoinitializr.DemoInitializrApplicationTests]: using defaults.
21:01:45.545 [Test worker] INFO org.springframework.boot.test.context.SpringBootTestContextBootstrapper - Loaded default TestExecutionListener class names from location [META-INF/spring.factories]: [org.springframework.boot.test.autoconfigure.restdocs.RestDocsTestExecutionListener, org.springframework.boot.test.autoconfigure.web.client.MockRestServiceServerResetTestExecutionListener, org.springframework.boot.test.autoconfigure.web.servlet.MockMvcPrintOnlyOnFailureTestExecutionListener, org.springframework.boot.test.autoconfigure.web.servlet.WebDriverTestExecutionListener, org.springframework.boot.test.autoconfigure.webservices.client.MockWebServiceServerTestExecutionListener, org.springframework.boot.test.mock.mockito.MockitoTestExecutionListener, org.springframework.boot.test.mock.mockito.ResetMocksTestExecutionListener, org.springframework.test.context.web.ServletTestExecutionListener, org.springframework.test.context.support.DirtiesContextBeforeModesTestExecutionListener, org.springframework.test.context.event.ApplicationEventsTestExecutionListener, org.springframework.test.context.support.DependencyInjectionTestExecutionListener, org.springframework.test.context.support.DirtiesContextTestExecutionListener, org.springframework.test.context.transaction.TransactionalTestExecutionListener, org.springframework.test.context.jdbc.SqlScriptsTestExecutionListener, org.springframework.test.context.event.EventPublishingTestExecutionListener]
21:01:45.570 [Test worker] DEBUG org.springframework.boot.test.context.SpringBootTestContextBootstrapper - Skipping candidate TestExecutionListener [org.springframework.test.context.transaction.TransactionalTestExecutionListener] due to a missing dependency. Specify custom listener classes or make the default listener classes and their required dependencies available. Offending class: [org/springframework/transaction/TransactionDefinition]
21:01:45.570 [Test worker] DEBUG org.springframework.boot.test.context.SpringBootTestContextBootstrapper - Skipping candidate TestExecutionListener [org.springframework.test.context.jdbc.SqlScriptsTestExecutionListener] due to a missing dependency. Specify custom listener classes or make the default listener classes and their required dependencies available. Offending class: [org/springframework/transaction/interceptor/TransactionAttribute]
21:01:45.571 [Test worker] INFO org.springframework.boot.test.context.SpringBootTestContextBootstrapper - Using TestExecutionListeners: [org.springframework.test.context.web.ServletTestExecutionListener@452e26d0, org.springframework.test.context.support.DirtiesContextBeforeModesTestExecutionListener@46ab18da, org.springframework.test.context.event.ApplicationEventsTestExecutionListener@790174f2, org.springframework.boot.test.mock.mockito.MockitoTestExecutionListener@42257bdd, org.springframework.boot.test.autoconfigure.SpringBootDependencyInjectionTestExecutionListener@7689ddef, org.springframework.test.context.support.DirtiesContextTestExecutionListener@687a762c, org.springframework.test.context.event.EventPublishingTestExecutionListener@1a2e2935, org.springframework.boot.test.autoconfigure.restdocs.RestDocsTestExecutionListener@733c423e, org.springframework.boot.test.autoconfigure.web.client.MockRestServiceServerResetTestExecutionListener@4b629f13, org.springframework.boot.test.autoconfigure.web.servlet.MockMvcPrintOnlyOnFailureTestExecutionListener@70925b45, org.springframework.boot.test.autoconfigure.web.servlet.WebDriverTestExecutionListener@1b9ea3e3, org.springframework.boot.test.autoconfigure.webservices.client.MockWebServiceServerTestExecutionListener@aa22f1c, org.springframework.boot.test.mock.mockito.ResetMocksTestExecutionListener@55e7a35c]
21:01:45.574 [Test worker] DEBUG org.springframework.test.context.support.AbstractDirtiesContextTestExecutionListener - Before test class: context [DefaultTestContext@4628b1d3 testClass = DemoInitializrApplicationTests, testInstance = [null], testMethod = [null], testException = [null], mergedContextConfiguration = [WebMergedContextConfiguration@77cf3f8b testClass = DemoInitializrApplicationTests, locations = '{}', classes = '{class com.example.demoinitializr.DemoInitializrApplication}', contextInitializerClasses = '[]', activeProfiles = '{}', propertySourceLocations = '{}', propertySourceProperties = '{org.springframework.boot.test.context.SpringBootTestContextBootstrapper=true}', contextCustomizers = set[org.springframework.boot.test.autoconfigure.actuate.metrics.MetricsExportContextCustomizerFactory$DisableMetricExportContextCustomizer@4218500f, org.springframework.boot.test.autoconfigure.properties.PropertyMappingContextCustomizer@0, org.springframework.boot.test.autoconfigure.web.servlet.WebDriverContextCustomizerFactory$Customizer@58ffcbd7, org.springframework.boot.test.context.filter.ExcludeFilterContextCustomizer@319bc845, org.springframework.boot.test.json.DuplicateJsonObjectContextCustomizerFactory$DuplicateJsonObjectContextCustomizer@54e22bdd, org.springframework.boot.test.mock.mockito.MockitoContextCustomizer@0, org.springframework.boot.test.web.client.TestRestTemplateContextCustomizer@235a0c16, org.springframework.boot.test.context.SpringBootTestArgs@1, org.springframework.boot.test.context.SpringBootTestWebEnvironment@446a1e84], resourceBasePath = 'src/main/webapp', contextLoader = 'org.springframework.boot.test.context.SpringBootContextLoader', parent = [null]], attributes = map['org.springframework.test.context.web.ServletTestExecutionListener.activateListener' -> true]], class annotated with @DirtiesContext [false] with mode [null].
21:01:45.601 [Test worker] DEBUG org.springframework.test.context.support.TestPropertySourceUtils - Adding inlined properties to environment: {spring.jmx.enabled=false, org.springframework.boot.test.context.SpringBootTestContextBootstrapper=true}

  .   ____          _            __ _ _
 /\\ / ___'_ __ _ _(_)_ __  __ _ \ \ \ \
( ( )\___ | '_ | '_| | '_ \/ _` | \ \ \ \
 \\/  ___)| |_)| | | | | || (_| |  ) ) ) )
  '  |____| .__|_| |_|_| |_\__, | / / / /
 =========|_|==============|___/=/_/_/_/
 :: Spring Boot ::               (v2.4.10)

2021-08-23 21:01:46.201  INFO 25418 --- [    Test worker] c.e.d.DemoInitializrApplicationTests     : Starting DemoInitializrApplicationTests using Java 11.0.11 on Rohans-MacBook-Pro-3.local with PID 25418 (started by rohansurana in /Users/rohansurana/IdeaProjects/school/cmpe172/cmpe172-rohan2810/labs/lab1/demo-initializr)
2021-08-23 21:01:46.205  INFO 25418 --- [    Test worker] c.e.d.DemoInitializrApplicationTests     : No active profile set, falling back to default profiles: default
2021-08-23 21:01:47.428  INFO 25418 --- [    Test worker] c.e.d.DemoInitializrApplicationTests     : Started DemoInitializrApplicationTests in 1.818 seconds (JVM running for 3.337)
]]></system-out>
  <system-err><![CDATA[]]></system-err>
</testsuite>
